<?xml version="1.0" encoding="UTF-8"?>
<!-- Generated by org.testng.reporters.JUnitXMLReporter -->
<testsuite ignored="0" hostname="SharathVirat" failures="0" tests="3" name="Default test" time="25.628" errors="0" timestamp="2025-10-25T17:00:57 IST">
  <testcase classname="Automation.Tests.ZaraCoat3_POM_Standard_e2e_morph" name="submitOrder" time="5.94"/>
  <testcase classname="Automation.Tests.ZaraCoat3_POM_Standard_e2e_morph" name="submitOrder" time="5.88"/>
  <testcase classname="Automation.Tests.ZaraCoat3_POM_Standard_e2e_morph" name="OrderHistoryTest" time="0.766"/>
</testsuite> <!-- Default test -->
