<?xml version="1.0" encoding="UTF-8"?>
<!-- Generated by org.testng.reporters.JUnitXMLReporter -->
<testsuite ignored="0" hostname="SharathVirat" failures="0" tests="2" name="Default test" time="27.667" errors="0" timestamp="2025-10-25T12:34:05 IST">
  <testcase classname="Automation.Tests.ZaraCoat3_POM_Standard_e2e_morph" name="submitOrder" time="16.998"/>
  <testcase classname="Automation.Tests.ZaraCoat3_POM_Standard_e2e_morph" name="OrderHistoryTest" time="0.916"/>
</testsuite> <!-- Default test -->
