<?xml version="1.0" encoding="UTF-8"?>
<testng-results ignored="0" total="1" passed="1" failed="0" skipped="0">
  <reporter-output>
  </reporter-output>
  <suite started-at="2025-10-23T23:49:38 IST" name="Default suite" finished-at="2025-10-23T23:49:47 IST" duration-ms="9079">
    <groups>
    </groups>
    <test started-at="2025-10-23T23:49:38 IST" name="Default test" finished-at="2025-10-23T23:49:47 IST" duration-ms="9079">
      <class name="Automation.Tests.ZaraCoat3_Standard_e2e">
        <test-method signature="run()[pri:0, instance:Automation.Tests.ZaraCoat3_Standard_e2e@515c6049]" started-at="2025-10-23T23:49:38 IST" name="run" finished-at="2025-10-23T23:49:47 IST" duration-ms="9033" status="PASS">
          <reporter-output>
          </reporter-output>
        </test-method> <!-- run -->
      </class> <!-- Automation.Tests.ZaraCoat3_Standard_e2e -->
    </test> <!-- Default test -->
  </suite> <!-- Default suite -->
</testng-results>
