<?xml version="1.0" encoding="UTF-8"?>
<testng-results ignored="0" total="1" passed="1" failed="0" skipped="0">
  <reporter-output>
  </reporter-output>
  <suite started-at="2025-10-31T00:22:41 IST" name="Default suite" finished-at="2025-10-31T00:22:41 IST" duration-ms="51">
    <groups>
    </groups>
    <test started-at="2025-10-31T00:22:41 IST" name="Default test" finished-at="2025-10-31T00:22:41 IST" duration-ms="51">
      <class name="test">
        <test-method signature="test1233()[pri:0, instance:test@2d3379b4]" started-at="2025-10-31T00:22:41 IST" name="test1233" finished-at="2025-10-31T00:22:41 IST" duration-ms="10" status="PASS">
          <reporter-output>
          </reporter-output>
        </test-method> <!-- test1233 -->
      </class> <!-- test -->
    </test> <!-- Default test -->
  </suite> <!-- Default suite -->
</testng-results>
