<?xml version="1.0" encoding="UTF-8"?>
<testng-results ignored="0" total="3" passed="3" failed="0" skipped="0">
  <reporter-output>
  </reporter-output>
  <suite started-at="2025-11-09T16:13:20 IST" name="Default suite" finished-at="2025-11-09T16:13:41 IST" duration-ms="21793">
    <groups>
      <group name="purchase">
        <method signature="ZaraCoat3_POM_Standard_e2e_morph.submitOrder(java.util.HashMap)[pri:0, instance:Automation.Tests.ZaraCoat3_POM_Standard_e2e_morph@229f66ed]" name="submitOrder" class="Automation.Tests.ZaraCoat3_POM_Standard_e2e_morph"/>
      </group> <!-- purchase -->
    </groups>
    <test started-at="2025-11-09T16:13:20 IST" name="Default test" finished-at="2025-11-09T16:13:41 IST" duration-ms="21793">
      <class name="Automation.Tests.ZaraCoat3_POM_Standard_e2e_morph">
        <test-method is-config="true" signature="launchApplication()[pri:0, instance:Automation.Tests.ZaraCoat3_POM_Standard_e2e_morph@229f66ed]" started-at="2025-11-09T16:13:20 IST" name="launchApplication" finished-at="2025-11-09T16:13:23 IST" duration-ms="3257" status="PASS">
          <reporter-output>
          </reporter-output>
        </test-method> <!-- launchApplication -->
        <test-method signature="submitOrder(java.util.HashMap)[pri:0, instance:Automation.Tests.ZaraCoat3_POM_Standard_e2e_morph@229f66ed]" started-at="2025-11-09T16:13:23 IST" name="submitOrder" data-provider="getData" finished-at="2025-11-09T16:13:29 IST" duration-ms="5737" status="PASS">
          <params>
            <param index="0">
              <value>
                <![CDATA[{password=SharathVK@18, product=ADIDAS ORIGINAL, email=ambati.sharath500@gmail.com}]]>
              </value>
            </param>
          </params>
          <reporter-output>
          </reporter-output>
        </test-method> <!-- submitOrder -->
        <test-method is-config="true" signature="tearDown()[pri:0, instance:Automation.Tests.ZaraCoat3_POM_Standard_e2e_morph@229f66ed]" started-at="2025-11-09T16:13:29 IST" name="tearDown" finished-at="2025-11-09T16:13:29 IST" duration-ms="110" status="PASS">
          <reporter-output>
          </reporter-output>
        </test-method> <!-- tearDown -->
        <test-method is-config="true" signature="launchApplication()[pri:0, instance:Automation.Tests.ZaraCoat3_POM_Standard_e2e_morph@229f66ed]" started-at="2025-11-09T16:13:29 IST" name="launchApplication" finished-at="2025-11-09T16:13:32 IST" duration-ms="3031" status="PASS">
          <reporter-output>
          </reporter-output>
        </test-method> <!-- launchApplication -->
        <test-method signature="submitOrder(java.util.HashMap)[pri:0, instance:Automation.Tests.ZaraCoat3_POM_Standard_e2e_morph@229f66ed]" started-at="2025-11-09T16:13:32 IST" name="submitOrder" data-provider="getData" finished-at="2025-11-09T16:13:38 IST" duration-ms="5746" status="PASS">
          <params>
            <param index="0">
              <value>
                <![CDATA[{password=SharathVK@18, product=ZARA COAT 3, email=ambatisarachandra@gmail.com}]]>
              </value>
            </param>
          </params>
          <reporter-output>
          </reporter-output>
        </test-method> <!-- submitOrder -->
        <test-method is-config="true" signature="tearDown()[pri:0, instance:Automation.Tests.ZaraCoat3_POM_Standard_e2e_morph@229f66ed]" started-at="2025-11-09T16:13:38 IST" name="tearDown" finished-at="2025-11-09T16:13:38 IST" duration-ms="99" status="PASS">
          <reporter-output>
          </reporter-output>
        </test-method> <!-- tearDown -->
        <test-method is-config="true" signature="launchApplication()[pri:0, instance:Automation.Tests.ZaraCoat3_POM_Standard_e2e_morph@229f66ed]" started-at="2025-11-09T16:13:38 IST" name="launchApplication" finished-at="2025-11-09T16:13:40 IST" duration-ms="2685" status="PASS">
          <reporter-output>
          </reporter-output>
        </test-method> <!-- launchApplication -->
        <test-method signature="OrderHistoryTest()[pri:0, instance:Automation.Tests.ZaraCoat3_POM_Standard_e2e_morph@229f66ed]" started-at="2025-11-09T16:13:40 IST" name="OrderHistoryTest" finished-at="2025-11-09T16:13:41 IST" depends-on-methods="Automation.Tests.ZaraCoat3_POM_Standard_e2e_morph.submitOrder" duration-ms="761" status="PASS">
          <reporter-output>
          </reporter-output>
        </test-method> <!-- OrderHistoryTest -->
        <test-method is-config="true" signature="tearDown()[pri:0, instance:Automation.Tests.ZaraCoat3_POM_Standard_e2e_morph@229f66ed]" started-at="2025-11-09T16:13:41 IST" name="tearDown" finished-at="2025-11-09T16:13:41 IST" duration-ms="87" status="PASS">
          <reporter-output>
          </reporter-output>
        </test-method> <!-- tearDown -->
      </class> <!-- Automation.Tests.ZaraCoat3_POM_Standard_e2e_morph -->
    </test> <!-- Default test -->
  </suite> <!-- Default suite -->
</testng-results>
