<?xml version="1.0" encoding="UTF-8"?>
<testng-results ignored="1" total="2" passed="1" failed="0" skipped="0">
  <reporter-output>
  </reporter-output>
  <suite started-at="2025-10-25T11:53:00 IST" name="Suite" finished-at="2025-10-25T11:53:03 IST" duration-ms="3433">
    <groups>
      <group name="errorHandling">
        <method signature="ErrorValidations.LoginErrorValidation()[pri:0, instance:Automation.Tests.ErrorValidations@5bf0d49]" name="LoginErrorValidation" class="Automation.Tests.ErrorValidations"/>
      </group> <!-- errorHandling -->
    </groups>
    <test started-at="2025-10-25T11:53:00 IST" name="Error Validations" finished-at="2025-10-25T11:53:03 IST" duration-ms="3433">
      <class name="Automation.Tests.ErrorValidations">
        <test-method is-config="true" signature="launchApplication()[pri:0, instance:Automation.Tests.ErrorValidations@5bf0d49]" started-at="2025-10-25T11:53:00 IST" name="launchApplication" finished-at="2025-10-25T11:53:02 IST" duration-ms="2666" status="PASS">
          <reporter-output>
          </reporter-output>
        </test-method> <!-- launchApplication -->
        <test-method signature="LoginErrorValidation()[pri:0, instance:Automation.Tests.ErrorValidations@5bf0d49]" started-at="2025-10-25T11:53:02 IST" name="LoginErrorValidation" finished-at="2025-10-25T11:53:03 IST" duration-ms="533" status="PASS">
          <reporter-output>
          </reporter-output>
        </test-method> <!-- LoginErrorValidation -->
        <test-method is-config="true" signature="tearDown()[pri:0, instance:Automation.Tests.ErrorValidations@5bf0d49]" started-at="2025-10-25T11:53:03 IST" name="tearDown" finished-at="2025-10-25T11:53:03 IST" duration-ms="194" status="PASS">
          <reporter-output>
          </reporter-output>
        </test-method> <!-- tearDown -->
      </class> <!-- Automation.Tests.ErrorValidations -->
    </test> <!-- Error Validations -->
  </suite> <!-- Suite -->
</testng-results>
