<?xml version="1.0" encoding="UTF-8"?>
<testng-results ignored="3" total="5" passed="2" failed="0" skipped="0">
  <reporter-output>
  </reporter-output>
  <suite started-at="2025-11-12T11:53:29 IST" name="Suite" finished-at="2025-11-12T11:53:49 IST" duration-ms="19733">
    <groups>
      <group name="purchase">
        <method signature="ZaraCoat3_POM_Standard_e2e_morph.submitOrder(java.util.HashMap)[pri:0, instance:Automation.Tests.ZaraCoat3_POM_Standard_e2e_morph@dd05255]" name="submitOrder" class="Automation.Tests.ZaraCoat3_POM_Standard_e2e_morph"/>
      </group> <!-- purchase -->
    </groups>
    <test started-at="2025-11-12T11:53:29 IST" name="submit Order" finished-at="2025-11-12T11:53:48 IST" duration-ms="19638">
      <class name="Automation.Tests.ZaraCoat3_POM_Standard_e2e_morph">
        <test-method is-config="true" signature="launchApplication()[pri:0, instance:Automation.Tests.ZaraCoat3_POM_Standard_e2e_morph@dd05255]" started-at="2025-11-12T11:53:29 IST" name="launchApplication" finished-at="2025-11-12T11:53:33 IST" duration-ms="4019" status="PASS">
          <reporter-output>
          </reporter-output>
        </test-method> <!-- launchApplication -->
        <test-method signature="submitOrder(java.util.HashMap)[pri:0, instance:Automation.Tests.ZaraCoat3_POM_Standard_e2e_morph@dd05255]" started-at="2025-11-12T11:53:33 IST" name="submitOrder" data-provider="getData" finished-at="2025-11-12T11:53:39 IST" duration-ms="5891" status="PASS">
          <params>
            <param index="0">
              <value>
                <![CDATA[{password=SharathVK@18, product=ADIDAS ORIGINAL, email=ambati.sharath500@gmail.com}]]>
              </value>
            </param>
          </params>
          <reporter-output>
          </reporter-output>
        </test-method> <!-- submitOrder -->
        <test-method is-config="true" signature="tearDown()[pri:0, instance:Automation.Tests.ZaraCoat3_POM_Standard_e2e_morph@dd05255]" started-at="2025-11-12T11:53:39 IST" name="tearDown" finished-at="2025-11-12T11:53:39 IST" duration-ms="124" status="PASS">
          <reporter-output>
          </reporter-output>
        </test-method> <!-- tearDown -->
        <test-method is-config="true" signature="launchApplication()[pri:0, instance:Automation.Tests.ZaraCoat3_POM_Standard_e2e_morph@dd05255]" started-at="2025-11-12T11:53:39 IST" name="launchApplication" finished-at="2025-11-12T11:53:42 IST" duration-ms="2855" status="PASS">
          <reporter-output>
          </reporter-output>
        </test-method> <!-- launchApplication -->
        <test-method signature="submitOrder(java.util.HashMap)[pri:0, instance:Automation.Tests.ZaraCoat3_POM_Standard_e2e_morph@dd05255]" started-at="2025-11-12T11:53:42 IST" name="submitOrder" data-provider="getData" finished-at="2025-11-12T11:53:48 IST" duration-ms="6297" status="PASS">
          <params>
            <param index="0">
              <value>
                <![CDATA[{password=SharathVK@18, product=ZARA COAT 3, email=ambatisarachandra@gmail.com}]]>
              </value>
            </param>
          </params>
          <reporter-output>
          </reporter-output>
        </test-method> <!-- submitOrder -->
        <test-method is-config="true" signature="tearDown()[pri:0, instance:Automation.Tests.ZaraCoat3_POM_Standard_e2e_morph@dd05255]" started-at="2025-11-12T11:53:48 IST" name="tearDown" finished-at="2025-11-12T11:53:48 IST" duration-ms="127" status="PASS">
          <reporter-output>
          </reporter-output>
        </test-method> <!-- tearDown -->
      </class> <!-- Automation.Tests.ZaraCoat3_POM_Standard_e2e_morph -->
    </test> <!-- submit Order -->
    <test started-at="2025-11-12T11:53:49 IST" name="Error Validations" finished-at="2025-11-12T11:53:49 IST" duration-ms="4">
    </test> <!-- Error Validations -->
  </suite> <!-- Suite -->
</testng-results>
