<?xml version="1.0" encoding="UTF-8"?>
<testng-results ignored="0" total="1" passed="1" failed="0" skipped="0">
  <reporter-output>
  </reporter-output>
  <suite started-at="2025-10-23T23:15:58 IST" name="Default suite" finished-at="2025-10-23T23:16:10 IST" duration-ms="11873">
    <groups>
    </groups>
    <test started-at="2025-10-23T23:15:58 IST" name="Default test" finished-at="2025-10-23T23:16:10 IST" duration-ms="11873">
      <class name="Automation.Tests.ErrorValidations">
        <test-method is-config="true" signature="launchApplication()[pri:0, instance:Automation.Tests.ErrorValidations@28701274]" started-at="2025-10-23T23:15:58 IST" name="launchApplication" finished-at="2025-10-23T23:16:09 IST" duration-ms="11170" status="PASS">
          <reporter-output>
          </reporter-output>
        </test-method> <!-- launchApplication -->
        <test-method signature="submitOrder()[pri:0, instance:Automation.Tests.ErrorValidations@28701274]" started-at="2025-10-23T23:16:09 IST" name="submitOrder" finished-at="2025-10-23T23:16:10 IST" duration-ms="463" status="PASS">
          <reporter-output>
          </reporter-output>
        </test-method> <!-- submitOrder -->
        <test-method is-config="true" signature="tearDown()[pri:0, instance:Automation.Tests.ErrorValidations@28701274]" started-at="2025-10-23T23:16:10 IST" name="tearDown" finished-at="2025-10-23T23:16:10 IST" duration-ms="202" status="PASS">
          <reporter-output>
          </reporter-output>
        </test-method> <!-- tearDown -->
      </class> <!-- Automation.Tests.ErrorValidations -->
    </test> <!-- Default test -->
  </suite> <!-- Default suite -->
</testng-results>
