<?xml version="1.0" encoding="UTF-8"?>
<testng-results ignored="0" total="1" passed="1" failed="0" skipped="0">
  <reporter-output>
  </reporter-output>
  <suite started-at="2025-10-15T23:18:32 IST" name="Default suite" finished-at="2025-10-15T23:18:52 IST" duration-ms="19901">
    <groups>
    </groups>
    <test started-at="2025-10-15T23:18:32 IST" name="Default test" finished-at="2025-10-15T23:18:52 IST" duration-ms="19901">
      <class name="Automation.Tests.ZaraCoat3_POM_Standard_e2e_morph">
        <test-method signature="submitOrder()[pri:0, instance:Automation.Tests.ZaraCoat3_POM_Standard_e2e_morph@55141def]" started-at="2025-10-15T23:18:32 IST" name="submitOrder" finished-at="2025-10-15T23:18:52 IST" duration-ms="19861" status="PASS">
          <reporter-output>
          </reporter-output>
        </test-method> <!-- submitOrder -->
      </class> <!-- Automation.Tests.ZaraCoat3_POM_Standard_e2e_morph -->
    </test> <!-- Default test -->
  </suite> <!-- Default suite -->
</testng-results>
