<?xml version="1.0" encoding="UTF-8"?>
<testng-results ignored="1" total="2" passed="1" failed="0" skipped="0">
  <reporter-output>
  </reporter-output>
  <suite started-at="2025-10-25T12:06:08 IST" name="Default suite" finished-at="2025-10-25T12:06:11 IST" duration-ms="3187">
    <groups>
    </groups>
    <test started-at="2025-10-25T12:06:08 IST" name="Default test" finished-at="2025-10-25T12:06:11 IST" duration-ms="3187">
      <class name="Automation.Tests.ZaraCoat3_POM_Standard_e2e_morph">
        <test-method is-config="true" signature="launchApplication()[pri:0, instance:Automation.Tests.ZaraCoat3_POM_Standard_e2e_morph@36fc695d]" started-at="2025-10-25T12:06:08 IST" name="launchApplication" finished-at="2025-10-25T12:06:10 IST" duration-ms="2384" status="PASS">
          <reporter-output>
          </reporter-output>
        </test-method> <!-- launchApplication -->
        <test-method signature="OrderHistoryTest()[pri:0, instance:Automation.Tests.ZaraCoat3_POM_Standard_e2e_morph@36fc695d]" started-at="2025-10-25T12:06:10 IST" name="OrderHistoryTest" finished-at="2025-10-25T12:06:11 IST" duration-ms="760" status="PASS">
          <reporter-output>
          </reporter-output>
        </test-method> <!-- OrderHistoryTest -->
      </class> <!-- Automation.Tests.ZaraCoat3_POM_Standard_e2e_morph -->
    </test> <!-- Default test -->
  </suite> <!-- Default suite -->
</testng-results>
