<?xml version="1.0" encoding="UTF-8"?>
<testng-results ignored="1" total="2" passed="1" failed="0" skipped="0">
  <reporter-output>
  </reporter-output>
  <suite started-at="2025-11-14T15:45:14 IST" name="Default suite" finished-at="2025-11-14T15:45:19 IST" duration-ms="5342">
    <groups>
      <group name="errorHandling">
        <method signature="ErrorValidations.SubmitOrderErrorValidation()[pri:0, instance:Automation.Tests.ErrorValidations@3c46e67a]" name="SubmitOrderErrorValidation" class="Automation.Tests.ErrorValidations"/>
      </group> <!-- errorHandling -->
    </groups>
    <test started-at="2025-11-14T15:45:14 IST" name="Default test" finished-at="2025-11-14T15:45:19 IST" duration-ms="5342">
      <class name="Automation.Tests.ErrorValidations">
        <test-method is-config="true" signature="launchApplication()[pri:0, instance:Automation.Tests.ErrorValidations@3c46e67a]" started-at="2025-11-14T15:45:14 IST" name="launchApplication" finished-at="2025-11-14T15:45:16 IST" duration-ms="2187" status="PASS">
          <reporter-output>
          </reporter-output>
        </test-method> <!-- launchApplication -->
        <test-method signature="SubmitOrderErrorValidation()[pri:0, instance:Automation.Tests.ErrorValidations@3c46e67a]" started-at="2025-11-14T15:45:16 IST" name="SubmitOrderErrorValidation" finished-at="2025-11-14T15:45:19 IST" duration-ms="2913" status="PASS">
          <reporter-output>
          </reporter-output>
        </test-method> <!-- SubmitOrderErrorValidation -->
        <test-method is-config="true" signature="tearDown()[pri:0, instance:Automation.Tests.ErrorValidations@3c46e67a]" started-at="2025-11-14T15:45:19 IST" name="tearDown" finished-at="2025-11-14T15:45:19 IST" duration-ms="180" status="PASS">
          <reporter-output>
          </reporter-output>
        </test-method> <!-- tearDown -->
      </class> <!-- Automation.Tests.ErrorValidations -->
    </test> <!-- Default test -->
  </suite> <!-- Default suite -->
</testng-results>
