<?xml version="1.0" encoding="UTF-8"?>
<testng-results ignored="3" total="5" passed="2" failed="0" skipped="0">
  <reporter-output>
  </reporter-output>
  <suite started-at="2025-10-25T13:37:02 IST" name="Suite" finished-at="2025-10-25T13:37:22 IST" duration-ms="19651">
    <groups>
      <group name="purchase">
        <method signature="ZaraCoat3_POM_Standard_e2e_morph.submitOrder(java.lang.String,java.lang.String,java.lang.String)[pri:0, instance:Automation.Tests.ZaraCoat3_POM_Standard_e2e_morph@4c12331b]" name="submitOrder" class="Automation.Tests.ZaraCoat3_POM_Standard_e2e_morph"/>
      </group> <!-- purchase -->
    </groups>
    <test started-at="2025-10-25T13:37:02 IST" name="submit Order" finished-at="2025-10-25T13:37:22 IST" duration-ms="19545">
      <class name="Automation.Tests.ZaraCoat3_POM_Standard_e2e_morph">
        <test-method is-config="true" signature="launchApplication()[pri:0, instance:Automation.Tests.ZaraCoat3_POM_Standard_e2e_morph@4c12331b]" started-at="2025-10-25T13:37:02 IST" name="launchApplication" finished-at="2025-10-25T13:37:05 IST" duration-ms="2209" status="PASS">
          <reporter-output>
          </reporter-output>
        </test-method> <!-- launchApplication -->
        <test-method signature="submitOrder(java.lang.String,java.lang.String,java.lang.String)[pri:0, instance:Automation.Tests.ZaraCoat3_POM_Standard_e2e_morph@4c12331b]" started-at="2025-10-25T13:37:05 IST" name="submitOrder" data-provider="getData" finished-at="2025-10-25T13:37:11 IST" duration-ms="6512" status="PASS">
          <params>
            <param index="0">
              <value>
                <![CDATA[ambati.sharath500@gmail.com]]>
              </value>
            </param>
            <param index="1">
              <value>
                <![CDATA[SharathVK@18]]>
              </value>
            </param>
            <param index="2">
              <value>
                <![CDATA[ADIDAS ORIGINAL]]>
              </value>
            </param>
          </params>
          <reporter-output>
          </reporter-output>
        </test-method> <!-- submitOrder -->
        <test-method is-config="true" signature="tearDown()[pri:0, instance:Automation.Tests.ZaraCoat3_POM_Standard_e2e_morph@4c12331b]" started-at="2025-10-25T13:37:11 IST" name="tearDown" finished-at="2025-10-25T13:37:11 IST" duration-ms="118" status="PASS">
          <reporter-output>
          </reporter-output>
        </test-method> <!-- tearDown -->
        <test-method is-config="true" signature="launchApplication()[pri:0, instance:Automation.Tests.ZaraCoat3_POM_Standard_e2e_morph@4c12331b]" started-at="2025-10-25T13:37:11 IST" name="launchApplication" finished-at="2025-10-25T13:37:16 IST" duration-ms="4721" status="PASS">
          <reporter-output>
          </reporter-output>
        </test-method> <!-- launchApplication -->
        <test-method signature="submitOrder(java.lang.String,java.lang.String,java.lang.String)[pri:0, instance:Automation.Tests.ZaraCoat3_POM_Standard_e2e_morph@4c12331b]" started-at="2025-10-25T13:37:16 IST" name="submitOrder" data-provider="getData" finished-at="2025-10-25T13:37:22 IST" duration-ms="5830" status="PASS">
          <params>
            <param index="0">
              <value>
                <![CDATA[ambatisarachandra@gmail.com]]>
              </value>
            </param>
            <param index="1">
              <value>
                <![CDATA[SharathVK@18]]>
              </value>
            </param>
            <param index="2">
              <value>
                <![CDATA[ZARA COAT 3]]>
              </value>
            </param>
          </params>
          <reporter-output>
          </reporter-output>
        </test-method> <!-- submitOrder -->
        <test-method is-config="true" signature="tearDown()[pri:0, instance:Automation.Tests.ZaraCoat3_POM_Standard_e2e_morph@4c12331b]" started-at="2025-10-25T13:37:22 IST" name="tearDown" finished-at="2025-10-25T13:37:22 IST" duration-ms="110" status="PASS">
          <reporter-output>
          </reporter-output>
        </test-method> <!-- tearDown -->
      </class> <!-- Automation.Tests.ZaraCoat3_POM_Standard_e2e_morph -->
    </test> <!-- submit Order -->
    <test started-at="2025-10-25T13:37:22 IST" name="Error Validations" finished-at="2025-10-25T13:37:22 IST" duration-ms="6">
    </test> <!-- Error Validations -->
  </suite> <!-- Suite -->
</testng-results>
