<?xml version="1.0" encoding="UTF-8"?>
<testng-results ignored="0" total="1" passed="1" failed="0" skipped="0">
  <reporter-output>
  </reporter-output>
  <suite started-at="2025-10-23T23:54:27 IST" name="Default suite" finished-at="2025-10-23T23:54:48 IST" duration-ms="20828">
    <groups>
    </groups>
    <test started-at="2025-10-23T23:54:27 IST" name="Default test" finished-at="2025-10-23T23:54:48 IST" duration-ms="20828">
      <class name="Automation.Tests.ZaraCoat3_POM_Standard_e2e">
        <test-method signature="submitOrder()[pri:0, instance:Automation.Tests.ZaraCoat3_POM_Standard_e2e@41d477ed]" started-at="2025-10-23T23:54:27 IST" name="submitOrder" finished-at="2025-10-23T23:54:48 IST" duration-ms="20779" status="PASS">
          <reporter-output>
          </reporter-output>
        </test-method> <!-- submitOrder -->
      </class> <!-- Automation.Tests.ZaraCoat3_POM_Standard_e2e -->
    </test> <!-- Default test -->
  </suite> <!-- Default suite -->
</testng-results>
