<?xml version="1.0" encoding="UTF-8"?>
<!-- Generated by org.testng.reporters.JUnitReportReporter -->
<testsuite hostname="SharathVirat" failures="0" tests="2" name="Automation.Tests.ZaraCoat3_POM_Standard_e2e_morph" time="19.313" errors="0" timestamp="2025-11-12T11:53:49 IST" skipped="0">
  <testcase classname="Automation.Tests.ZaraCoat3_POM_Standard_e2e_morph" name="submitOrder" time="8.870"/>
  <testcase classname="Automation.Tests.ZaraCoat3_POM_Standard_e2e_morph" name="submitOrder" time="10.443"/>
</testsuite> <!-- Automation.Tests.ZaraCoat3_POM_Standard_e2e_morph -->
