<?xml version="1.0" encoding="UTF-8"?>
<!-- Generated by org.testng.reporters.JUnitXMLReporter -->
<testsuite ignored="0" hostname="SharathVirat" failures="1" tests="2" name="Error Validations" time="9.76" errors="0" timestamp="2025-11-09T13:12:13 IST">
  <testcase classname="Automation.Tests.ErrorValidations" name="LoginErrorValidation" time="0.485"/>
  <testcase classname="Automation.Tests.ErrorValidations" name="SubmitOrderErrorValidation" time="2.882">
    <failure type="java.lang.AssertionError">
      <![CDATA[java.lang.AssertionError
at org.junit.Assert.fail(Assert.java:87)
at org.junit.Assert.assertTrue(Assert.java:42)
at org.junit.Assert.assertTrue(Assert.java:53)
at Automation.Tests.ErrorValidations.SubmitOrderErrorValidation(ErrorValidations.java:32)
at java.base/java.util.ArrayList.forEach(ArrayList.java:1596)
... Removed 25 stack frames]]>
    </failure>
  </testcase> <!-- SubmitOrderErrorValidation -->
</testsuite> <!-- Error Validations -->
