<?xml version="1.0" encoding="UTF-8"?>
<!-- Generated by org.testng.reporters.JUnitXMLReporter -->
<testsuite ignored="0" hostname="SharathVirat" failures="2" tests="2" name="Error Validations" time="11.366" errors="0" timestamp="2025-11-09T16:10:26 IST">
  <testcase classname="Automation.Tests.ErrorValidations" name="LoginErrorValidation" time="1.862">
    <failure type="org.junit.ComparisonFailure" message="expected:&amp;lt;...ct email or password[]&amp;gt; but was:&amp;lt;...ct email or password[.]&amp;gt;">
      <![CDATA[org.junit.ComparisonFailure: expected:<...ct email or password[]> but was:<...ct email or password[.]>
at org.junit.Assert.assertEquals(Assert.java:117)
at org.junit.Assert.assertEquals(Assert.java:146)
at Automation.Tests.ErrorValidations.LoginErrorValidation(ErrorValidations.java:18)
at java.base/java.util.ArrayList.forEach(ArrayList.java:1596)
at java.base/java.util.concurrent.FutureTask.run(FutureTask.java:317)
at java.base/java.util.concurrent.ThreadPoolExecutor.runWorker(ThreadPoolExecutor.java:1144)
at java.base/java.util.concurrent.ThreadPoolExecutor$Worker.run(ThreadPoolExecutor.java:642)
at java.base/java.lang.Thread.run(Thread.java:1583)
... Removed 15 stack frames]]>
    </failure>
  </testcase> <!-- LoginErrorValidation -->
  <testcase classname="Automation.Tests.ErrorValidations" name="SubmitOrderErrorValidation" time="3.025">
    <failure type="java.lang.AssertionError">
      <![CDATA[java.lang.AssertionError
at org.junit.Assert.fail(Assert.java:87)
at org.junit.Assert.assertTrue(Assert.java:42)
at org.junit.Assert.assertTrue(Assert.java:53)
at Automation.Tests.ErrorValidations.SubmitOrderErrorValidation(ErrorValidations.java:32)
at java.base/java.util.ArrayList.forEach(ArrayList.java:1596)
at java.base/java.util.concurrent.FutureTask.run(FutureTask.java:317)
at java.base/java.util.concurrent.ThreadPoolExecutor.runWorker(ThreadPoolExecutor.java:1144)
at java.base/java.util.concurrent.ThreadPoolExecutor$Worker.run(ThreadPoolExecutor.java:642)
at java.base/java.lang.Thread.run(Thread.java:1583)
... Removed 15 stack frames]]>
    </failure>
  </testcase> <!-- SubmitOrderErrorValidation -->
</testsuite> <!-- Error Validations -->
