<?xml version="1.0" encoding="UTF-8"?>
<!-- Generated by org.testng.reporters.JUnitXMLReporter -->
<testsuite ignored="1" hostname="SharathVirat" failures="1" tests="1" name="Error Validations" time="0.062" errors="0" timestamp="2025-10-25T11:29:35 IST">
  <testcase classname="Automation.Tests.ErrorValidations" name="LoginErrorValidation" time="0.01">
    <failure type="java.lang.NullPointerException" message="Cannot invoke &amp;quot;Automation.PageObjects.ZaraCoat3_LandingPage.loginUser(String, String)&amp;quot; because &amp;quot;this.landingPage&amp;quot; is null">
      <![CDATA[java.lang.NullPointerException: Cannot invoke "Automation.PageObjects.ZaraCoat3_LandingPage.loginUser(String, String)" because "this.landingPage" is null
at Automation.Tests.ErrorValidations.LoginErrorValidation(ErrorValidations.java:17)
at java.base/java.util.ArrayList.forEach(ArrayList.java:1596)
... Removed 25 stack frames]]>
    </failure>
  </testcase> <!-- LoginErrorValidation -->
  <testcase classname="Automation.Tests.ErrorValidations" name="SubmitOrderErrorValidation" time="0.0">
    <ignored/>
  </testcase> <!-- SubmitOrderErrorValidation -->
</testsuite> <!-- Error Validations -->
