<?xml version="1.0" encoding="UTF-8"?>
<!-- Generated by org.testng.reporters.JUnitXMLReporter -->
<testsuite ignored="2" hostname="SharathVirat" failures="0" tests="0" time="0.006" errors="0" timestamp="2025-10-25T13:37:22 IST">
  <testcase classname="Automation.Tests.ErrorValidations" name="SubmitOrderErrorValidation" time="0.0">
    <ignored/>
  </testcase> <!-- SubmitOrderErrorValidation -->
  <testcase classname="Automation.Tests.ErrorValidations" name="LoginErrorValidation" time="0.0">
    <ignored/>
  </testcase> <!-- LoginErrorValidation -->
</testsuite>
