<?xml version="1.0" encoding="UTF-8"?>
<!-- Generated by org.testng.reporters.JUnitXMLReporter -->
<testsuite ignored="0" hostname="SharathVirat" failures="1" tests="2" name="Error Validations" time="27.098" errors="0" timestamp="2025-11-09T13:06:29 IST">
  <testcase classname="Automation.Tests.ErrorValidations" name="LoginErrorValidation" time="0.501">
    <failure type="org.junit.ComparisonFailure" message="expected:&amp;lt;[Incorrect email or password.]&amp;gt; but was:&amp;lt;[]&amp;gt;">
      <![CDATA[org.junit.ComparisonFailure: expected:<[Incorrect email or password.]> but was:<[]>
at org.junit.Assert.assertEquals(Assert.java:117)
at org.junit.Assert.assertEquals(Assert.java:146)
at Automation.Tests.ErrorValidations.LoginErrorValidation(ErrorValidations.java:18)
at java.base/java.util.ArrayList.forEach(ArrayList.java:1596)
... Removed 25 stack frames]]>
    </failure>
  </testcase> <!-- LoginErrorValidation -->
  <testcase classname="Automation.Tests.ErrorValidations" name="SubmitOrderErrorValidation" time="2.83"/>
</testsuite> <!-- Error Validations -->
