<?xml version="1.0" encoding="UTF-8"?>
<!-- Generated by org.testng.reporters.JUnitXMLReporter -->
<testsuite ignored="0" hostname="SharathVirat" failures="0" tests="2" name="Error Validations" time="18.022" errors="0" timestamp="2025-10-23T23:41:11 IST">
  <testcase classname="Automation.Tests.ErrorValidations" name="SubmitOrderErrorValidation" time="13.685"/>
  <testcase classname="Automation.Tests.ErrorValidations" name="submitOrder" time="0.509"/>
</testsuite> <!-- Error Validations -->
