<?xml version="1.0" encoding="UTF-8"?>
<!-- Generated by org.testng.reporters.JUnitXMLReporter -->
<testsuite ignored="0" hostname="SharathVirat" failures="2" tests="2" name="Error Validations" time="15.064" errors="0" timestamp="2025-11-09T15:40:27 IST">
  <testcase classname="Automation.Tests.ErrorValidations" name="LoginErrorValidation" time="0.473">
    <failure type="org.junit.ComparisonFailure" message="expected:&amp;lt;...ct email or password[]&amp;gt; but was:&amp;lt;...ct email or password[.]&amp;gt;">
      <![CDATA[org.junit.ComparisonFailure: expected:<...ct email or password[]> but was:<...ct email or password[.]>
at org.junit.Assert.assertEquals(Assert.java:117)
at org.junit.Assert.assertEquals(Assert.java:146)
at Automation.Tests.ErrorValidations.LoginErrorValidation(ErrorValidations.java:18)
at java.base/java.util.ArrayList.forEach(ArrayList.java:1596)
... Removed 25 stack frames]]>
    </failure>
  </testcase> <!-- LoginErrorValidation -->
  <testcase classname="Automation.Tests.ErrorValidations" name="SubmitOrderErrorValidation" time="2.844">
    <failure type="java.lang.AssertionError">
      <![CDATA[java.lang.AssertionError
at org.junit.Assert.fail(Assert.java:87)
at org.junit.Assert.assertTrue(Assert.java:42)
at org.junit.Assert.assertTrue(Assert.java:53)
at Automation.Tests.ErrorValidations.SubmitOrderErrorValidation(ErrorValidations.java:32)
at java.base/java.util.ArrayList.forEach(ArrayList.java:1596)
... Removed 25 stack frames]]>
    </failure>
  </testcase> <!-- SubmitOrderErrorValidation -->
</testsuite> <!-- Error Validations -->
