<?xml version="1.0" encoding="UTF-8"?>
<!-- Generated by org.testng.reporters.JUnitXMLReporter -->
<testsuite ignored="1" hostname="SharathVirat" failures="0" tests="1" name="Error Validations" time="3.433" errors="0" timestamp="2025-10-25T11:53:03 IST">
  <testcase classname="Automation.Tests.ErrorValidations" name="LoginErrorValidation" time="0.533"/>
  <testcase classname="Automation.Tests.ErrorValidations" name="SubmitOrderErrorValidation" time="0.0">
    <ignored/>
  </testcase> <!-- SubmitOrderErrorValidation -->
</testsuite> <!-- Error Validations -->
