<?xml version="1.0" encoding="UTF-8"?>
<!-- Generated by org.testng.reporters.JUnitXMLReporter -->
<testsuite ignored="1" hostname="SharathVirat" failures="0" tests="2" name="submit Order" time="21.984" errors="0" timestamp="2025-10-26T10:17:05 IST">
  <testcase classname="Automation.Tests.ZaraCoat3_POM_Standard_e2e_morph" name="submitOrder" time="6.299"/>
  <testcase classname="Automation.Tests.ZaraCoat3_POM_Standard_e2e_morph" name="submitOrder" time="6.539"/>
  <testcase classname="Automation.Tests.ZaraCoat3_POM_Standard_e2e_morph" name="OrderHistoryTest" time="0.0">
    <ignored/>
  </testcase> <!-- OrderHistoryTest -->
</testsuite> <!-- submit Order -->
