<?xml version="1.0" encoding="UTF-8"?>
<testng-results ignored="0" total="1" passed="1" failed="0" skipped="0">
  <reporter-output>
  </reporter-output>
  <suite started-at="2025-10-28T00:04:04 IST" name="Default suite" finished-at="2025-10-28T00:04:08 IST" duration-ms="4065">
    <groups>
    </groups>
    <test started-at="2025-10-28T00:04:04 IST" name="Default test" finished-at="2025-10-28T00:04:08 IST" duration-ms="4065">
      <class name="Automation.ExtentReports.ExtentReportDemo">
        <test-method is-config="true" signature="config()[pri:0, instance:Automation.ExtentReports.ExtentReportDemo@3eb25e1a]" started-at="2025-10-28T00:04:04 IST" name="config" finished-at="2025-10-28T00:04:04 IST" duration-ms="244" status="PASS">
          <reporter-output>
          </reporter-output>
        </test-method> <!-- config -->
        <test-method signature="initialDemo()[pri:0, instance:Automation.ExtentReports.ExtentReportDemo@3eb25e1a]" started-at="2025-10-28T00:04:04 IST" name="initialDemo" finished-at="2025-10-28T00:04:08 IST" duration-ms="3790" status="PASS">
          <reporter-output>
          </reporter-output>
        </test-method> <!-- initialDemo -->
      </class> <!-- Automation.ExtentReports.ExtentReportDemo -->
    </test> <!-- Default test -->
  </suite> <!-- Default suite -->
</testng-results>
